<?xml version="1.0" encoding="UTF-8"?>
<robot generator="Robot 3.2.1 (Python 3.8.5 on win32)" generated="20200820 14:23:46.099" rpa="false">
<suite id="s1" name="Success" source="C:\Users\tidanatkum\Documents\Status-200\robot\success.robot">
<kw name="0. Go to Allianz Insurance website" library="keyword" type="setup">
<kw name="Open Browser" library="SeleniumLibrary">
<doc>Opens a new browser instance to the optional ``url``.</doc>
<arguments>
<arg>${URL}</arg>
<arg>Chrome</arg>
<arg>remote_url=http://206.189.154.4:4444/wd/hub</arg>
<arg>desired_capabilities=browserName:chrome</arg>
</arguments>
<msg timestamp="20200820 14:23:46.519" level="INFO">Opening browser 'Chrome' to base url 'http://167.99.68.78' through remote server at 'http://206.189.154.4:4444/wd/hub'.</msg>
<status status="PASS" starttime="20200820 14:23:46.518" endtime="20200820 14:23:49.987"></status>
</kw>
<status status="PASS" starttime="20200820 14:23:46.518" endtime="20200820 14:23:49.988"></status>
</kw>
<test id="s1-t1" name="1 traveller wants to buy insurance package A, 6 days for Switzerland trip">
<kw name="Buy insurance package at Allianz Insurance website" library="keyword">
<arguments>
<arg>country_name</arg>
<arg>ms</arg>
<arg>Tidanat</arg>
<arg>Kumpuak</arg>
<arg>1234567899999</arg>
<arg>Yaya Kumpuak</arg>
</arguments>
<msg timestamp="20200820 14:23:49.991" level="FAIL">Keyword 'keyword.Buy insurance package at Allianz Insurance website' expected 7 arguments, got 6.</msg>
<status status="FAIL" starttime="20200820 14:23:49.991" endtime="20200820 14:23:49.991"></status>
</kw>
<status status="FAIL" starttime="20200820 14:23:49.988" endtime="20200820 14:23:49.992" critical="yes">Keyword 'keyword.Buy insurance package at Allianz Insurance website' expected 7 arguments, got 6.</status>
</test>
<status status="FAIL" starttime="20200820 14:23:46.106" endtime="20200820 14:23:50.010"></status>
</suite>
<statistics>
<total>
<stat pass="0" fail="1">Critical Tests</stat>
<stat pass="0" fail="1">All Tests</stat>
</total>
<tag>
</tag>
<suite>
<stat pass="0" fail="1" id="s1" name="Success">Success</stat>
</suite>
</statistics>
<errors>
</errors>
</robot>
